0 info it worked if it ends with ok
1 verbose cli [ 'e:\\Program Files (x86)\\nodejs\\node.exe',
1 verbose cli   'e:\\Program Files (x86)\\nodejs\\node_modules\\npm\\bin\\npm-cli.js',
1 verbose cli   'publish' ]
2 info using npm@1.3.5
3 info using node@v0.10.15
4 verbose publish [ '.' ]
5 verbose cache add [ '.', null ]
6 verbose cache add name=undefined spec="." args=[".",null]
7 verbose parsed url { protocol: null,
7 verbose parsed url   slashes: null,
7 verbose parsed url   auth: null,
7 verbose parsed url   host: null,
7 verbose parsed url   port: null,
7 verbose parsed url   hostname: null,
7 verbose parsed url   hash: null,
7 verbose parsed url   search: null,
7 verbose parsed url   query: null,
7 verbose parsed url   pathname: '.',
7 verbose parsed url   path: '.',
7 verbose parsed url   href: '.' }
8 silly lockFile 3a52ce78- .
9 verbose lock . E:\Users\Sebastian\AppData\Roaming\npm-cache\3a52ce78-.lock
10 silly lockFile 3a52ce78- .
11 silly lockFile 3a52ce78- .
12 error addLocal Could not install .
13 error Error: ENOENT, open 'e:\Users\Sebastian\AppData\Roaming\npm\node_modules\generator-prototype\app\package.json'
14 error If you need help, you may report this log at:
14 error     <http://github.com/isaacs/npm/issues>
14 error or email it to:
14 error     <npm-@googlegroups.com>
15 error System Windows_NT 6.2.9200
16 error command "e:\\Program Files (x86)\\nodejs\\node.exe" "e:\\Program Files (x86)\\nodejs\\node_modules\\npm\\bin\\npm-cli.js" "publish"
17 error cwd e:\Users\Sebastian\AppData\Roaming\npm\node_modules\generator-prototype\app
18 error node -v v0.10.15
19 error npm -v 1.3.5
20 error path e:\Users\Sebastian\AppData\Roaming\npm\node_modules\generator-prototype\app\package.json
21 error code ENOENT
22 error errno 34
23 verbose exit [ 34, true ]
